<?xml version="1.0" encoding="UTF-8"?>
<!-- Generated by org.testng.reporters.JUnitXMLReporter -->
<testsuite hostname="LAPTOP-34MITO6C" tests="1" failures="0" timestamp="18 Nov 2019 20:35:12 GMT" time="0.031" errors="0">
  <testcase name="@BeforeTest before" time="0.0" classname="LoginTest">
    <failure type="org.testng.TestNGException" message="
Parameter &amp;apos;url&amp;apos; is required by @Configuration on method before but has not been marked @Optional or defined
">
      <![CDATA[org.testng.TestNGException: 
Parameter 'url' is required by @Configuration on method before but has not been marked @Optional or defined

... Removed 29 stack frames]]>
    </failure>
  </testcase> <!-- @BeforeTest before -->
  <testcase name="@AfterTest after" time="0.0" classname="LoginTest">
    <skipped/>
  </testcase> <!-- @AfterTest after -->
  <testcase name="shouldNotLogin" time="0.015" classname="LoginTest">
    <skipped/>
  </testcase> <!-- shouldNotLogin -->
</testsuite>
